2025-08-10T19:01:19.546Z [INFO] System monitoring started
2025-08-10T19:01:19.553Z [INFO] System Monitor Backend Initialized
2025-08-10T19:01:19.553Z [INFO] Node.js Version: v22.11.0
2025-08-10T19:01:19.554Z [INFO] Process ID: 5944
2025-08-10T19:01:22.559Z [INFO] Memory: 26.21% (6.13 GB/23.37 GB)
2025-08-10T19:02:18.199Z [INFO] System monitoring started
2025-08-10T19:02:18.211Z [INFO] System Monitor Backend Initialized
2025-08-10T19:02:18.212Z [INFO] Node.js Version: v22.11.0
2025-08-10T19:02:18.212Z [INFO] Process ID: 3560
2025-08-10T19:02:21.226Z [INFO] Memory: 26.37% (6.16 GB/23.37 GB)
2025-08-10T19:02:21.230Z [INFO] CPU: 16 cores, AMD Ryzen 7 4800H with Radeon Graphics         
2025-08-10T19:02:21.230Z [INFO] CPU Usage: 1.03%
2025-08-10T19:02:21.230Z [INFO] Process: 28.41 MB, Uptime: 3.03s
2025-08-10T19:02:21.236Z [INFO] System: win32 x64 (LAPTOP-IIMDVNDL)
2025-08-10T19:02:21.241Z [INFO] Network Interfaces: 2
2025-08-10T19:02:24.227Z [INFO] Memory: 26.37% (6.16 GB/23.37 GB)
2025-08-10T19:02:24.228Z [INFO] CPU: 16 cores, AMD Ryzen 7 4800H with Radeon Graphics         
2025-08-10T19:02:24.229Z [INFO] CPU Usage: 1.03%
2025-08-10T19:02:24.229Z [INFO] Process: 29.96 MB, Uptime: 6.03s
2025-08-10T19:02:24.230Z [INFO] System: win32 x64 (LAPTOP-IIMDVNDL)
2025-08-10T19:02:24.232Z [INFO] Network Interfaces: 2
2025-08-10T19:02:27.234Z [INFO] Memory: 26.37% (6.16 GB/23.37 GB)
2025-08-10T19:02:27.236Z [INFO] CPU: 16 cores, AMD Ryzen 7 4800H with Radeon Graphics         
2025-08-10T19:02:27.236Z [INFO] CPU Usage: 1.03%
2025-08-10T19:02:27.237Z [INFO] Process: 29.99 MB, Uptime: 9.04s
2025-08-10T19:02:27.237Z [INFO] System: win32 x64 (LAPTOP-IIMDVNDL)
2025-08-10T19:02:27.240Z [INFO] Network Interfaces: 2
2025-08-10T19:02:30.240Z [INFO] Memory: 26.39% (6.17 GB/23.37 GB)
2025-08-10T19:02:30.241Z [INFO] CPU: 16 cores, AMD Ryzen 7 4800H with Radeon Graphics         
2025-08-10T19:02:30.241Z [INFO] CPU Usage: 1.03%
2025-08-10T19:02:30.241Z [INFO] Process: 30.03 MB, Uptime: 12.04s
2025-08-10T19:02:30.242Z [INFO] System: win32 x64 (LAPTOP-IIMDVNDL)
2025-08-10T19:02:30.245Z [INFO] Network Interfaces: 2
2025-08-10T19:02:33.249Z [INFO] Memory: 26.39% (6.17 GB/23.37 GB)
2025-08-10T19:02:33.250Z [INFO] CPU: 16 cores, AMD Ryzen 7 4800H with Radeon Graphics         
2025-08-10T19:02:33.251Z [INFO] CPU Usage: 1.03%
2025-08-10T19:02:33.251Z [INFO] Process: 30.07 MB, Uptime: 15.05s
2025-08-10T19:02:33.252Z [INFO] System: win32 x64 (LAPTOP-IIMDVNDL)
2025-08-10T19:02:33.255Z [INFO] Network Interfaces: 2
2025-08-10T19:02:36.261Z [INFO] Memory: 26.41% (6.17 GB/23.37 GB)
2025-08-10T19:02:36.262Z [INFO] CPU: 16 cores, AMD Ryzen 7 4800H with Radeon Graphics         
2025-08-10T19:02:36.263Z [INFO] CPU Usage: 1.03%
2025-08-10T19:02:36.263Z [INFO] Process: 30.1 MB, Uptime: 18.06s
2025-08-10T19:02:36.264Z [INFO] System: win32 x64 (LAPTOP-IIMDVNDL)
2025-08-10T19:02:36.267Z [INFO] Network Interfaces: 2
2025-08-10T19:02:39.268Z [INFO] Memory: 26.45% (6.18 GB/23.37 GB)
2025-08-10T19:02:39.270Z [INFO] CPU: 16 cores, AMD Ryzen 7 4800H with Radeon Graphics         
2025-08-10T19:02:39.270Z [INFO] CPU Usage: 1.03%
2025-08-10T19:02:39.270Z [INFO] Process: 30.13 MB, Uptime: 21.07s
2025-08-10T19:02:39.271Z [INFO] System: win32 x64 (LAPTOP-IIMDVNDL)
2025-08-10T19:02:39.274Z [INFO] Network Interfaces: 2
2025-08-10T19:02:42.272Z [INFO] Memory: 25.38% (5.93 GB/23.37 GB)
2025-08-10T19:02:42.275Z [INFO] CPU: 16 cores, AMD Ryzen 7 4800H with Radeon Graphics         
2025-08-10T19:02:42.275Z [INFO] CPU Usage: 1.03%
2025-08-10T19:02:42.275Z [INFO] Process: 30.18 MB, Uptime: 24.08s
2025-08-10T19:02:42.276Z [INFO] System: win32 x64 (LAPTOP-IIMDVNDL)
2025-08-10T19:02:42.279Z [INFO] Network Interfaces: 2
2025-08-10T19:02:45.274Z [INFO] Memory: 25.39% (5.93 GB/23.37 GB)
2025-08-10T19:02:45.275Z [INFO] CPU: 16 cores, AMD Ryzen 7 4800H with Radeon Graphics         
2025-08-10T19:02:45.275Z [INFO] CPU Usage: 1.03%
2025-08-10T19:02:45.276Z [INFO] Process: 30.22 MB, Uptime: 27.08s
2025-08-10T19:02:45.277Z [INFO] System: win32 x64 (LAPTOP-IIMDVNDL)
2025-08-10T19:02:45.280Z [INFO] Network Interfaces: 2
2025-08-10T19:02:48.287Z [INFO] Memory: 25.34% (5.92 GB/23.37 GB)
2025-08-10T19:02:48.289Z [INFO] CPU: 16 cores, AMD Ryzen 7 4800H with Radeon Graphics         
2025-08-10T19:02:48.289Z [INFO] CPU Usage: 1.03%
2025-08-10T19:02:48.290Z [INFO] Process: 30.24 MB, Uptime: 30.09s
2025-08-10T19:02:48.291Z [INFO] System: win32 x64 (LAPTOP-IIMDVNDL)
2025-08-10T19:02:48.294Z [INFO] Network Interfaces: 2
2025-08-10T19:02:51.289Z [INFO] Memory: 25.33% (5.92 GB/23.37 GB)
2025-08-10T19:02:51.290Z [INFO] CPU: 16 cores, AMD Ryzen 7 4800H with Radeon Graphics         
2025-08-10T19:02:51.290Z [INFO] CPU Usage: 1.03%
2025-08-10T19:02:51.291Z [INFO] Process: 30.28 MB, Uptime: 33.09s
2025-08-10T19:02:51.291Z [INFO] System: win32 x64 (LAPTOP-IIMDVNDL)
2025-08-10T19:02:51.294Z [INFO] Network Interfaces: 2
2025-08-10T19:02:54.302Z [INFO] Memory: 25.27% (5.91 GB/23.37 GB)
2025-08-10T19:02:54.304Z [INFO] CPU: 16 cores, AMD Ryzen 7 4800H with Radeon Graphics         
2025-08-10T19:02:54.304Z [INFO] CPU Usage: 1.03%
2025-08-10T19:02:54.305Z [INFO] Process: 30.31 MB, Uptime: 36.11s
2025-08-10T19:02:54.306Z [INFO] System: win32 x64 (LAPTOP-IIMDVNDL)
2025-08-10T19:02:54.309Z [INFO] Network Interfaces: 2
2025-08-10T19:02:57.303Z [INFO] Memory: 25.31% (5.91 GB/23.37 GB)
2025-08-10T19:02:57.304Z [INFO] CPU: 16 cores, AMD Ryzen 7 4800H with Radeon Graphics         
2025-08-10T19:02:57.305Z [INFO] CPU Usage: 1.03%
2025-08-10T19:02:57.305Z [INFO] Process: 30.34 MB, Uptime: 39.11s
2025-08-10T19:02:57.306Z [INFO] System: win32 x64 (LAPTOP-IIMDVNDL)
2025-08-10T19:02:57.309Z [INFO] Network Interfaces: 2
2025-08-10T19:03:00.306Z [INFO] Memory: 25.31% (5.92 GB/23.37 GB)
2025-08-10T19:03:00.308Z [INFO] CPU: 16 cores, AMD Ryzen 7 4800H with Radeon Graphics         
2025-08-10T19:03:00.308Z [INFO] CPU Usage: 1.03%
2025-08-10T19:03:00.309Z [INFO] Process: 30.77 MB, Uptime: 42.11s
2025-08-10T19:03:00.309Z [INFO] System: win32 x64 (LAPTOP-IIMDVNDL)
2025-08-10T19:03:00.312Z [INFO] Network Interfaces: 2
2025-08-10T19:03:03.318Z [INFO] Memory: 25.3% (5.91 GB/23.37 GB)
2025-08-10T19:03:03.319Z [INFO] CPU: 16 cores, AMD Ryzen 7 4800H with Radeon Graphics         
2025-08-10T19:03:03.320Z [INFO] CPU Usage: 1.04%
2025-08-10T19:03:03.320Z [INFO] Process: 30.8 MB, Uptime: 45.12s
2025-08-10T19:03:03.321Z [INFO] System: win32 x64 (LAPTOP-IIMDVNDL)
2025-08-10T19:03:03.324Z [INFO] Network Interfaces: 2
2025-08-10T19:03:06.322Z [INFO] Memory: 25.31% (5.92 GB/23.37 GB)
2025-08-10T19:03:06.324Z [INFO] CPU: 16 cores, AMD Ryzen 7 4800H with Radeon Graphics         
2025-08-10T19:03:06.325Z [INFO] CPU Usage: 1.04%
2025-08-10T19:03:06.325Z [INFO] Process: 30.83 MB, Uptime: 48.13s
2025-08-10T19:03:06.326Z [INFO] System: win32 x64 (LAPTOP-IIMDVNDL)
2025-08-10T19:03:06.329Z [INFO] Network Interfaces: 2
2025-08-10T19:18:37.525Z [INFO] System monitoring started
2025-08-10T19:18:37.532Z [INFO] System Monitor Backend Initialized
2025-08-10T19:18:37.533Z [INFO] Node.js Version: v22.11.0
2025-08-10T19:18:37.534Z [INFO] Process ID: 10552
2025-08-10T19:18:40.538Z [INFO] Memory: 27.12% (6.34 GB/23.37 GB)
2025-08-10T19:18:40.540Z [INFO] CPU: 16 cores, AMD Ryzen 7 4800H with Radeon Graphics         
2025-08-10T19:18:40.541Z [INFO] CPU Usage: 0.98%
2025-08-10T19:18:40.541Z [INFO] Process: 28.37 MB, Uptime: 3.02s
2025-08-10T19:18:40.546Z [INFO] System: win32 x64 (LAPTOP-IIMDVNDL)
2025-08-10T19:18:40.551Z [INFO] Network Interfaces: 2
2025-08-10T19:18:43.546Z [INFO] Memory: 27.12% (6.34 GB/23.37 GB)
2025-08-10T19:18:43.547Z [INFO] CPU: 16 cores, AMD Ryzen 7 4800H with Radeon Graphics         
2025-08-10T19:18:43.548Z [INFO] CPU Usage: 0.98%
2025-08-10T19:18:43.548Z [INFO] Process: 29.93 MB, Uptime: 6.02s
2025-08-10T19:18:43.549Z [INFO] System: win32 x64 (LAPTOP-IIMDVNDL)
2025-08-10T19:18:43.552Z [INFO] Network Interfaces: 2
2025-08-10T19:18:46.557Z [INFO] Memory: 27.12% (6.34 GB/23.37 GB)
2025-08-10T19:18:46.559Z [INFO] CPU: 16 cores, AMD Ryzen 7 4800H with Radeon Graphics         
2025-08-10T19:18:46.559Z [INFO] CPU Usage: 0.98%
2025-08-10T19:18:46.560Z [INFO] Process: 29.96 MB, Uptime: 9.04s
2025-08-10T19:18:46.561Z [INFO] System: win32 x64 (LAPTOP-IIMDVNDL)
2025-08-10T19:18:46.564Z [INFO] Network Interfaces: 2
2025-08-10T19:18:49.570Z [INFO] Memory: 27.09% (6.33 GB/23.37 GB)
2025-08-10T19:18:49.572Z [INFO] CPU: 16 cores, AMD Ryzen 7 4800H with Radeon Graphics         
2025-08-10T19:18:49.572Z [INFO] CPU Usage: 0.98%
2025-08-10T19:18:49.573Z [INFO] Process: 30 MB, Uptime: 12.05s
2025-08-10T19:18:49.573Z [INFO] System: win32 x64 (LAPTOP-IIMDVNDL)
2025-08-10T19:18:49.576Z [INFO] Network Interfaces: 2
2025-08-10T19:18:52.574Z [INFO] Memory: 27.01% (6.31 GB/23.37 GB)
2025-08-10T19:18:52.576Z [INFO] CPU: 16 cores, AMD Ryzen 7 4800H with Radeon Graphics         
2025-08-10T19:18:52.576Z [INFO] CPU Usage: 0.98%
2025-08-10T19:18:52.576Z [INFO] Process: 30.04 MB, Uptime: 15.05s
2025-08-10T19:18:52.577Z [INFO] System: win32 x64 (LAPTOP-IIMDVNDL)
2025-08-10T19:18:52.580Z [INFO] Network Interfaces: 2
2025-08-10T19:18:55.588Z [INFO] Memory: 27.08% (6.33 GB/23.37 GB)
2025-08-10T19:18:55.590Z [INFO] CPU: 16 cores, AMD Ryzen 7 4800H with Radeon Graphics         
2025-08-10T19:18:55.590Z [INFO] CPU Usage: 0.99%
2025-08-10T19:18:55.591Z [INFO] Process: 30.1 MB, Uptime: 18.07s
2025-08-10T19:18:55.591Z [INFO] System: win32 x64 (LAPTOP-IIMDVNDL)
2025-08-10T19:18:55.595Z [INFO] Network Interfaces: 2
2025-08-10T19:18:58.598Z [INFO] Memory: 26.84% (6.27 GB/23.37 GB)
2025-08-10T19:18:58.600Z [INFO] CPU: 16 cores, AMD Ryzen 7 4800H with Radeon Graphics         
2025-08-10T19:18:58.601Z [INFO] CPU Usage: 0.99%
2025-08-10T19:18:58.601Z [INFO] Process: 30.13 MB, Uptime: 21.08s
2025-08-10T19:18:58.601Z [INFO] System: win32 x64 (LAPTOP-IIMDVNDL)
2025-08-10T19:18:58.604Z [INFO] Network Interfaces: 2
2025-08-10T19:19:01.608Z [INFO] Memory: 26.88% (6.28 GB/23.37 GB)
2025-08-10T19:19:01.610Z [INFO] CPU: 16 cores, AMD Ryzen 7 4800H with Radeon Graphics         
2025-08-10T19:19:01.610Z [INFO] CPU Usage: 0.99%
2025-08-10T19:19:01.610Z [INFO] Process: 30.18 MB, Uptime: 24.09s
2025-08-10T19:19:01.611Z [INFO] System: win32 x64 (LAPTOP-IIMDVNDL)
2025-08-10T19:19:01.614Z [INFO] Network Interfaces: 2
2025-08-10T19:19:04.608Z [INFO] Memory: 26.87% (6.28 GB/23.37 GB)
2025-08-10T19:19:04.609Z [INFO] CPU: 16 cores, AMD Ryzen 7 4800H with Radeon Graphics         
2025-08-10T19:19:04.610Z [INFO] CPU Usage: 0.99%
2025-08-10T19:19:04.610Z [INFO] Process: 30.22 MB, Uptime: 27.09s
2025-08-10T19:19:04.611Z [INFO] System: win32 x64 (LAPTOP-IIMDVNDL)
2025-08-10T19:19:04.614Z [INFO] Network Interfaces: 2
2025-08-10T19:19:07.614Z [INFO] Memory: 26.9% (6.29 GB/23.37 GB)
2025-08-10T19:19:07.616Z [INFO] CPU: 16 cores, AMD Ryzen 7 4800H with Radeon Graphics         
2025-08-10T19:19:07.617Z [INFO] CPU Usage: 0.99%
2025-08-10T19:19:07.617Z [INFO] Process: 30.24 MB, Uptime: 30.09s
2025-08-10T19:19:07.618Z [INFO] System: win32 x64 (LAPTOP-IIMDVNDL)
2025-08-10T19:19:07.621Z [INFO] Network Interfaces: 2
2025-08-10T19:19:10.624Z [INFO] Memory: 26.9% (6.29 GB/23.37 GB)
2025-08-10T19:19:10.625Z [INFO] CPU: 16 cores, AMD Ryzen 7 4800H with Radeon Graphics         
2025-08-10T19:19:10.626Z [INFO] CPU Usage: 0.99%
2025-08-10T19:19:10.626Z [INFO] Process: 30.28 MB, Uptime: 33.1s
2025-08-10T19:19:10.627Z [INFO] System: win32 x64 (LAPTOP-IIMDVNDL)
2025-08-10T19:19:10.630Z [INFO] Network Interfaces: 2
2025-08-10T19:19:13.625Z [INFO] Memory: 27.09% (6.33 GB/23.37 GB)
2025-08-10T19:19:13.627Z [INFO] CPU: 16 cores, AMD Ryzen 7 4800H with Radeon Graphics         
2025-08-10T19:19:13.628Z [INFO] CPU Usage: 0.99%
2025-08-10T19:19:13.628Z [INFO] Process: 30.31 MB, Uptime: 36.1s
2025-08-10T19:19:13.628Z [INFO] System: win32 x64 (LAPTOP-IIMDVNDL)
2025-08-10T19:19:13.631Z [INFO] Network Interfaces: 2
2025-08-10T19:19:16.625Z [INFO] Memory: 27.52% (6.43 GB/23.37 GB)
2025-08-10T19:19:16.627Z [INFO] CPU: 16 cores, AMD Ryzen 7 4800H with Radeon Graphics         
2025-08-10T19:19:16.627Z [INFO] CPU Usage: 0.99%
2025-08-10T19:19:16.628Z [INFO] Process: 30.34 MB, Uptime: 39.1s
2025-08-10T19:19:16.629Z [INFO] System: win32 x64 (LAPTOP-IIMDVNDL)
2025-08-10T19:19:16.633Z [INFO] Network Interfaces: 2
2025-08-10T19:19:19.639Z [INFO] Memory: 27.69% (6.47 GB/23.37 GB)
2025-08-10T19:19:19.641Z [INFO] CPU: 16 cores, AMD Ryzen 7 4800H with Radeon Graphics         
2025-08-10T19:19:19.641Z [INFO] CPU Usage: 0.99%
2025-08-10T19:19:19.641Z [INFO] Process: 30.77 MB, Uptime: 42.12s
2025-08-10T19:19:19.642Z [INFO] System: win32 x64 (LAPTOP-IIMDVNDL)
2025-08-10T19:19:19.645Z [INFO] Network Interfaces: 2
2025-08-10T19:19:22.641Z [INFO] Memory: 27.71% (6.48 GB/23.37 GB)
2025-08-10T19:19:22.643Z [INFO] CPU: 16 cores, AMD Ryzen 7 4800H with Radeon Graphics         
2025-08-10T19:19:22.643Z [INFO] CPU Usage: 0.99%
2025-08-10T19:19:22.643Z [INFO] Process: 30.8 MB, Uptime: 45.12s
2025-08-10T19:19:22.644Z [INFO] System: win32 x64 (LAPTOP-IIMDVNDL)
2025-08-10T19:19:22.647Z [INFO] Network Interfaces: 2
2025-08-10T19:19:25.642Z [INFO] Memory: 26.99% (6.31 GB/23.37 GB)
2025-08-10T19:19:25.645Z [INFO] CPU: 16 cores, AMD Ryzen 7 4800H with Radeon Graphics         
2025-08-10T19:19:25.645Z [INFO] CPU Usage: 0.99%
2025-08-10T19:19:25.646Z [INFO] Process: 30.82 MB, Uptime: 48.12s
2025-08-10T19:19:25.647Z [INFO] System: win32 x64 (LAPTOP-IIMDVNDL)
2025-08-10T19:19:25.649Z [INFO] Network Interfaces: 2
2025-08-10T19:19:28.643Z [INFO] Memory: 27.06% (6.33 GB/23.37 GB)
2025-08-10T19:19:28.645Z [INFO] CPU: 16 cores, AMD Ryzen 7 4800H with Radeon Graphics         
2025-08-10T19:19:28.645Z [INFO] CPU Usage: 0.99%
2025-08-10T19:19:28.646Z [INFO] Process: 30.85 MB, Uptime: 51.12s
2025-08-10T19:19:28.646Z [INFO] System: win32 x64 (LAPTOP-IIMDVNDL)
2025-08-10T19:19:28.649Z [INFO] Network Interfaces: 2
2025-08-10T19:19:31.644Z [INFO] Memory: 27.09% (6.33 GB/23.37 GB)
2025-08-10T19:19:31.645Z [INFO] CPU: 16 cores, AMD Ryzen 7 4800H with Radeon Graphics         
2025-08-10T19:19:31.645Z [INFO] CPU Usage: 0.99%
2025-08-10T19:19:31.645Z [INFO] Process: 30.88 MB, Uptime: 54.12s
2025-08-10T19:19:31.646Z [INFO] System: win32 x64 (LAPTOP-IIMDVNDL)
2025-08-10T19:19:31.648Z [INFO] Network Interfaces: 2
2025-08-10T19:19:34.649Z [INFO] Memory: 27.09% (6.33 GB/23.37 GB)
2025-08-10T19:19:34.651Z [INFO] CPU: 16 cores, AMD Ryzen 7 4800H with Radeon Graphics         
2025-08-10T19:19:34.651Z [INFO] CPU Usage: 0.99%
2025-08-10T19:19:34.652Z [INFO] Process: 30.91 MB, Uptime: 57.13s
2025-08-10T19:19:34.652Z [INFO] System: win32 x64 (LAPTOP-IIMDVNDL)
2025-08-10T19:19:34.655Z [INFO] Network Interfaces: 2
2025-08-10T19:19:37.657Z [INFO] Memory: 27.32% (6.39 GB/23.37 GB)
2025-08-10T19:19:37.659Z [INFO] CPU: 16 cores, AMD Ryzen 7 4800H with Radeon Graphics         
2025-08-10T19:19:37.660Z [INFO] CPU Usage: 0.99%
2025-08-10T19:19:37.660Z [INFO] Process: 30.92 MB, Uptime: 60.14s
2025-08-10T19:19:37.661Z [INFO] System: win32 x64 (LAPTOP-IIMDVNDL)
2025-08-10T19:19:37.665Z [INFO] Network Interfaces: 2
2025-08-10T19:19:40.659Z [INFO] Memory: 27.28% (6.38 GB/23.37 GB)
2025-08-10T19:19:40.660Z [INFO] CPU: 16 cores, AMD Ryzen 7 4800H with Radeon Graphics         
2025-08-10T19:19:40.660Z [INFO] CPU Usage: 0.99%
2025-08-10T19:19:40.661Z [INFO] Process: 30.95 MB, Uptime: 63.14s
2025-08-10T19:19:40.661Z [INFO] System: win32 x64 (LAPTOP-IIMDVNDL)
2025-08-10T19:19:40.664Z [INFO] Network Interfaces: 2
2025-08-10T19:19:43.659Z [INFO] Memory: 27.29% (6.38 GB/23.37 GB)
2025-08-10T19:19:43.661Z [INFO] CPU: 16 cores, AMD Ryzen 7 4800H with Radeon Graphics         
2025-08-10T19:19:43.661Z [INFO] CPU Usage: 0.99%
2025-08-10T19:19:43.662Z [INFO] Process: 30.97 MB, Uptime: 66.14s
2025-08-10T19:19:43.662Z [INFO] System: win32 x64 (LAPTOP-IIMDVNDL)
2025-08-10T19:19:43.665Z [INFO] Network Interfaces: 2
2025-08-10T19:19:46.659Z [INFO] Memory: 27.67% (6.47 GB/23.37 GB)
2025-08-10T19:19:46.660Z [INFO] CPU: 16 cores, AMD Ryzen 7 4800H with Radeon Graphics         
2025-08-10T19:19:46.660Z [INFO] CPU Usage: 0.99%
2025-08-10T19:19:46.661Z [INFO] Process: 31 MB, Uptime: 69.14s
2025-08-10T19:19:46.661Z [INFO] System: win32 x64 (LAPTOP-IIMDVNDL)
2025-08-10T19:19:46.664Z [INFO] Network Interfaces: 2
2025-08-10T19:19:49.666Z [INFO] Memory: 27.58% (6.44 GB/23.37 GB)
2025-08-10T19:19:49.667Z [INFO] CPU: 16 cores, AMD Ryzen 7 4800H with Radeon Graphics         
2025-08-10T19:19:49.668Z [INFO] CPU Usage: 0.99%
2025-08-10T19:19:49.668Z [INFO] Process: 31.03 MB, Uptime: 72.14s
2025-08-10T19:19:49.668Z [INFO] System: win32 x64 (LAPTOP-IIMDVNDL)
2025-08-10T19:19:49.671Z [INFO] Network Interfaces: 2
2025-08-10T19:19:52.675Z [INFO] Memory: 27.58% (6.45 GB/23.37 GB)
2025-08-10T19:19:52.677Z [INFO] CPU: 16 cores, AMD Ryzen 7 4800H with Radeon Graphics         
2025-08-10T19:19:52.677Z [INFO] CPU Usage: 0.99%
2025-08-10T19:19:52.678Z [INFO] Process: 31.05 MB, Uptime: 75.15s
2025-08-10T19:19:52.678Z [INFO] System: win32 x64 (LAPTOP-IIMDVNDL)
2025-08-10T19:19:52.681Z [INFO] Network Interfaces: 2
2025-08-10T19:19:55.675Z [INFO] Memory: 27.59% (6.45 GB/23.37 GB)
2025-08-10T19:19:55.677Z [INFO] CPU: 16 cores, AMD Ryzen 7 4800H with Radeon Graphics         
2025-08-10T19:19:55.677Z [INFO] CPU Usage: 0.99%
2025-08-10T19:19:55.677Z [INFO] Process: 31.08 MB, Uptime: 78.15s
2025-08-10T19:19:55.678Z [INFO] System: win32 x64 (LAPTOP-IIMDVNDL)
2025-08-10T19:19:55.680Z [INFO] Network Interfaces: 2
2025-08-10T19:19:58.675Z [INFO] Memory: 27.6% (6.45 GB/23.37 GB)
2025-08-10T19:19:58.677Z [INFO] CPU: 16 cores, AMD Ryzen 7 4800H with Radeon Graphics         
2025-08-10T19:19:58.678Z [INFO] CPU Usage: 0.99%
2025-08-10T19:19:58.678Z [INFO] Process: 31.11 MB, Uptime: 81.15s
2025-08-10T19:19:58.679Z [INFO] System: win32 x64 (LAPTOP-IIMDVNDL)
2025-08-10T19:19:58.682Z [INFO] Network Interfaces: 2
2025-08-10T19:20:01.688Z [INFO] Memory: 27.58% (6.45 GB/23.37 GB)
2025-08-10T19:20:01.689Z [INFO] CPU: 16 cores, AMD Ryzen 7 4800H with Radeon Graphics         
2025-08-10T19:20:01.690Z [INFO] CPU Usage: 0.99%
2025-08-10T19:20:01.690Z [INFO] Process: 31.14 MB, Uptime: 84.17s
2025-08-10T19:20:01.691Z [INFO] System: win32 x64 (LAPTOP-IIMDVNDL)
2025-08-10T19:20:01.693Z [INFO] Network Interfaces: 2
2025-08-10T19:20:04.697Z [INFO] Memory: 27.55% (6.44 GB/23.37 GB)
2025-08-10T19:20:04.698Z [INFO] CPU: 16 cores, AMD Ryzen 7 4800H with Radeon Graphics         
2025-08-10T19:20:04.698Z [INFO] CPU Usage: 0.99%
2025-08-10T19:20:04.699Z [INFO] Process: 31.17 MB, Uptime: 87.17s
2025-08-10T19:20:04.699Z [INFO] System: win32 x64 (LAPTOP-IIMDVNDL)
2025-08-10T19:20:04.702Z [INFO] Network Interfaces: 2
2025-08-10T19:20:07.710Z [INFO] Memory: 27.62% (6.46 GB/23.37 GB)
2025-08-10T19:20:07.711Z [INFO] CPU: 16 cores, AMD Ryzen 7 4800H with Radeon Graphics         
2025-08-10T19:20:07.712Z [INFO] CPU Usage: 0.99%
2025-08-10T19:20:07.712Z [INFO] Process: 31.2 MB, Uptime: 90.19s
2025-08-10T19:20:07.713Z [INFO] System: win32 x64 (LAPTOP-IIMDVNDL)
2025-08-10T19:20:07.716Z [INFO] Network Interfaces: 2
2025-08-10T19:20:10.721Z [INFO] Memory: 27.64% (6.46 GB/23.37 GB)
2025-08-10T19:20:10.722Z [INFO] CPU: 16 cores, AMD Ryzen 7 4800H with Radeon Graphics         
2025-08-10T19:20:10.722Z [INFO] CPU Usage: 0.99%
2025-08-10T19:20:10.722Z [INFO] Process: 31.23 MB, Uptime: 93.2s
2025-08-10T19:20:10.723Z [INFO] System: win32 x64 (LAPTOP-IIMDVNDL)
2025-08-10T19:20:10.725Z [INFO] Network Interfaces: 2
2025-08-10T19:20:13.731Z [INFO] Memory: 27.64% (6.46 GB/23.37 GB)
2025-08-10T19:20:13.732Z [INFO] CPU: 16 cores, AMD Ryzen 7 4800H with Radeon Graphics         
2025-08-10T19:20:13.733Z [INFO] CPU Usage: 0.99%
2025-08-10T19:20:13.733Z [INFO] Process: 31.26 MB, Uptime: 96.21s
2025-08-10T19:20:13.733Z [INFO] System: win32 x64 (LAPTOP-IIMDVNDL)
2025-08-10T19:20:13.736Z [INFO] Network Interfaces: 2
2025-08-10T19:20:16.742Z [INFO] Memory: 27.59% (6.45 GB/23.37 GB)
2025-08-10T19:20:16.744Z [INFO] CPU: 16 cores, AMD Ryzen 7 4800H with Radeon Graphics         
2025-08-10T19:20:16.744Z [INFO] CPU Usage: 0.99%
2025-08-10T19:20:16.745Z [INFO] Process: 31.29 MB, Uptime: 99.22s
2025-08-10T19:20:16.745Z [INFO] System: win32 x64 (LAPTOP-IIMDVNDL)
2025-08-10T19:20:16.748Z [INFO] Network Interfaces: 2
2025-08-10T19:20:19.744Z [INFO] Memory: 27.57% (6.44 GB/23.37 GB)
2025-08-10T19:20:19.746Z [INFO] CPU: 16 cores, AMD Ryzen 7 4800H with Radeon Graphics         
2025-08-10T19:20:19.746Z [INFO] CPU Usage: 0.99%
2025-08-10T19:20:19.747Z [INFO] Process: 31.32 MB, Uptime: 102.22s
2025-08-10T19:20:19.747Z [INFO] System: win32 x64 (LAPTOP-IIMDVNDL)
2025-08-10T19:20:19.750Z [INFO] Network Interfaces: 2
2025-08-10T19:20:22.757Z [INFO] Memory: 27.57% (6.44 GB/23.37 GB)
2025-08-10T19:20:22.759Z [INFO] CPU: 16 cores, AMD Ryzen 7 4800H with Radeon Graphics         
2025-08-10T19:20:22.759Z [INFO] CPU Usage: 0.99%
2025-08-10T19:20:22.759Z [INFO] Process: 31.54 MB, Uptime: 105.23s
2025-08-10T19:20:22.760Z [INFO] System: win32 x64 (LAPTOP-IIMDVNDL)
2025-08-10T19:20:22.762Z [INFO] Network Interfaces: 2
2025-08-10T19:20:25.769Z [INFO] Memory: 27.58% (6.45 GB/23.37 GB)
2025-08-10T19:20:25.770Z [INFO] CPU: 16 cores, AMD Ryzen 7 4800H with Radeon Graphics         
2025-08-10T19:20:25.771Z [INFO] CPU Usage: 0.99%
2025-08-10T19:20:25.771Z [INFO] Process: 31.54 MB, Uptime: 108.25s
2025-08-10T19:20:25.772Z [INFO] System: win32 x64 (LAPTOP-IIMDVNDL)
2025-08-10T19:20:25.775Z [INFO] Network Interfaces: 2
2025-08-10T19:20:28.785Z [INFO] Memory: 27.6% (6.45 GB/23.37 GB)
2025-08-10T19:20:28.787Z [INFO] CPU: 16 cores, AMD Ryzen 7 4800H with Radeon Graphics         
2025-08-10T19:20:28.787Z [INFO] CPU Usage: 0.99%
2025-08-10T19:20:28.787Z [INFO] Process: 30.04 MB, Uptime: 111.26s
2025-08-10T19:20:28.788Z [INFO] System: win32 x64 (LAPTOP-IIMDVNDL)
2025-08-10T19:20:28.790Z [INFO] Network Interfaces: 2
2025-08-10T19:20:31.790Z [INFO] Memory: 27.63% (6.46 GB/23.37 GB)
2025-08-10T19:20:31.791Z [INFO] CPU: 16 cores, AMD Ryzen 7 4800H with Radeon Graphics         
2025-08-10T19:20:31.792Z [INFO] CPU Usage: 0.99%
2025-08-10T19:20:31.792Z [INFO] Process: 30.1 MB, Uptime: 114.27s
2025-08-10T19:20:31.793Z [INFO] System: win32 x64 (LAPTOP-IIMDVNDL)
2025-08-10T19:20:31.795Z [INFO] Network Interfaces: 2
2025-08-10T19:20:34.791Z [INFO] Memory: 27.66% (6.46 GB/23.37 GB)
2025-08-10T19:20:34.792Z [INFO] CPU: 16 cores, AMD Ryzen 7 4800H with Radeon Graphics         
2025-08-10T19:20:34.793Z [INFO] CPU Usage: 0.99%
2025-08-10T19:20:34.793Z [INFO] Process: 30.13 MB, Uptime: 117.27s
2025-08-10T19:20:34.794Z [INFO] System: win32 x64 (LAPTOP-IIMDVNDL)
2025-08-10T19:20:34.797Z [INFO] Network Interfaces: 2
2025-08-10T19:20:37.791Z [INFO] Memory: 27.33% (6.39 GB/23.37 GB)
2025-08-10T19:20:37.793Z [INFO] CPU: 16 cores, AMD Ryzen 7 4800H with Radeon Graphics         
2025-08-10T19:20:37.793Z [INFO] CPU Usage: 0.99%
2025-08-10T19:20:37.793Z [INFO] Process: 30.17 MB, Uptime: 120.27s
2025-08-10T19:20:37.794Z [INFO] System: win32 x64 (LAPTOP-IIMDVNDL)
2025-08-10T19:20:37.797Z [INFO] Network Interfaces: 2
2025-08-10T19:20:40.804Z [INFO] Memory: 27.3% (6.38 GB/23.37 GB)
2025-08-10T19:20:40.806Z [INFO] CPU: 16 cores, AMD Ryzen 7 4800H with Radeon Graphics         
2025-08-10T19:20:40.806Z [INFO] CPU Usage: 0.99%
2025-08-10T19:20:40.806Z [INFO] Process: 30.2 MB, Uptime: 123.28s
2025-08-10T19:20:40.807Z [INFO] System: win32 x64 (LAPTOP-IIMDVNDL)
2025-08-10T19:20:40.809Z [INFO] Network Interfaces: 2
2025-08-10T19:20:43.816Z [INFO] Memory: 27.22% (6.36 GB/23.37 GB)
2025-08-10T19:20:43.817Z [INFO] CPU: 16 cores, AMD Ryzen 7 4800H with Radeon Graphics         
2025-08-10T19:20:43.818Z [INFO] CPU Usage: 0.99%
2025-08-10T19:20:43.818Z [INFO] Process: 30.24 MB, Uptime: 126.29s
2025-08-10T19:20:43.819Z [INFO] System: win32 x64 (LAPTOP-IIMDVNDL)
2025-08-10T19:20:43.821Z [INFO] Network Interfaces: 2
2025-08-10T19:20:46.830Z [INFO] Memory: 27.25% (6.37 GB/23.37 GB)
2025-08-10T19:20:46.831Z [INFO] CPU: 16 cores, AMD Ryzen 7 4800H with Radeon Graphics         
2025-08-10T19:20:46.831Z [INFO] CPU Usage: 0.99%
2025-08-10T19:20:46.832Z [INFO] Process: 30.27 MB, Uptime: 129.31s
2025-08-10T19:20:46.832Z [INFO] System: win32 x64 (LAPTOP-IIMDVNDL)
2025-08-10T19:20:46.835Z [INFO] Network Interfaces: 2
2025-08-10T19:20:49.837Z [INFO] Memory: 27.24% (6.37 GB/23.37 GB)
2025-08-10T19:20:49.839Z [INFO] CPU: 16 cores, AMD Ryzen 7 4800H with Radeon Graphics         
2025-08-10T19:20:49.839Z [INFO] CPU Usage: 0.99%
2025-08-10T19:20:49.839Z [INFO] Process: 30.3 MB, Uptime: 132.32s
2025-08-10T19:20:49.840Z [INFO] System: win32 x64 (LAPTOP-IIMDVNDL)
2025-08-10T19:20:49.843Z [INFO] Network Interfaces: 2
2025-08-10T19:20:52.851Z [INFO] Memory: 27.24% (6.37 GB/23.37 GB)
2025-08-10T19:20:52.852Z [INFO] CPU: 16 cores, AMD Ryzen 7 4800H with Radeon Graphics         
2025-08-10T19:20:52.853Z [INFO] CPU Usage: 0.99%
2025-08-10T19:20:52.853Z [INFO] Process: 30.33 MB, Uptime: 135.33s
2025-08-10T19:20:52.853Z [INFO] System: win32 x64 (LAPTOP-IIMDVNDL)
2025-08-10T19:20:52.856Z [INFO] Network Interfaces: 2
